This is pdfTeX, Version 3.14159265-2.6-1.40.19 (TeX Live 2019/dev/Debian) (preloaded format=pdflatex 2020.9.3)  3 SEP 2020 20:38
entering extended mode
 restricted \write18 enabled.
 %&-line parsing enabled.
**presentacionNewtoniana.tex
(./presentacionNewtoniana.tex
LaTeX2e <2018-12-01>
(/usr/share/texlive/texmf-dist/tex/latex/beamer/beamer.cls
Document Class: beamer 2018/12/02 v3.55 A class for typesetting presentations
(/usr/share/texlive/texmf-dist/tex/latex/beamer/beamerbasemodes.sty
(/usr/share/texlive/texmf-dist/tex/latex/etoolbox/etoolbox.sty
Package: etoolbox 2018/08/19 v2.5f e-TeX tools for LaTeX (JAW)
\etb@tempcnta=\count80
)
\beamer@tempbox=\box27
\beamer@tempcount=\count81
\c@beamerpauses=\count82

(/usr/share/texlive/texmf-dist/tex/latex/beamer/beamerbasedecode.sty
\beamer@slideinframe=\count83
\beamer@minimum=\count84
)
\beamer@commentbox=\box28
\beamer@modecount=\count85
)
(/usr/share/texlive/texmf-dist/tex/generic/oberdiek/ifpdf.sty
Package: ifpdf 2018/09/07 v3.3 Provides the ifpdf switch
)
\headdp=\dimen102
\footheight=\dimen103
\sidebarheight=\dimen104
\beamer@tempdim=\dimen105
\beamer@finalheight=\dimen106
\beamer@animht=\dimen107
\beamer@animdp=\dimen108
\beamer@animwd=\dimen109
\beamer@leftmargin=\dimen110
\beamer@rightmargin=\dimen111
\beamer@leftsidebar=\dimen112
\beamer@rightsidebar=\dimen113
\beamer@boxsize=\dimen114
\beamer@vboxoffset=\dimen115
\beamer@descdefault=\dimen116
\beamer@descriptionwidth=\dimen117
\beamer@lastskip=\skip41
\beamer@areabox=\box29
\beamer@animcurrent=\box30
\beamer@animshowbox=\box31
\beamer@sectionbox=\box32
\beamer@logobox=\box33
\beamer@linebox=\box34
\beamer@sectioncount=\count86
\beamer@subsubsectionmax=\count87
\beamer@subsectionmax=\count88
\beamer@sectionmax=\count89
\beamer@totalheads=\count90
\beamer@headcounter=\count91
\beamer@partstartpage=\count92
\beamer@sectionstartpage=\count93
\beamer@subsectionstartpage=\count94
\beamer@animationtempa=\count95
\beamer@animationtempb=\count96
\beamer@xpos=\count97
\beamer@ypos=\count98
\beamer@ypos@offset=\count99
\beamer@showpartnumber=\count100
\beamer@currentsubsection=\count101
\beamer@coveringdepth=\count102
\beamer@sectionadjust=\count103
\beamer@tocsectionnumber=\count104

(/usr/share/texlive/texmf-dist/tex/latex/beamer/beamerbaseoptions.sty
(/usr/share/texlive/texmf-dist/tex/latex/graphics/keyval.sty
Package: keyval 2014/10/28 v1.15 key=value parser (DPC)
\KV@toks@=\toks14
))
\beamer@paperwidth=\skip42
\beamer@paperheight=\skip43

(/usr/share/texlive/texmf-dist/tex/latex/geometry/geometry.sty
Package: geometry 2018/04/16 v5.8 Page Geometry

(/usr/share/texlive/texmf-dist/tex/generic/oberdiek/ifvtex.sty
Package: ifvtex 2016/05/16 v1.6 Detect VTeX and its facilities (HO)
Package ifvtex Info: VTeX not detected.
)
(/usr/share/texlive/texmf-dist/tex/generic/ifxetex/ifxetex.sty
Package: ifxetex 2010/09/12 v0.6 Provides ifxetex conditional
)
\Gm@cnth=\count105
\Gm@cntv=\count106
\c@Gm@tempcnt=\count107
\Gm@bindingoffset=\dimen118
\Gm@wd@mp=\dimen119
\Gm@odd@mp=\dimen120
\Gm@even@mp=\dimen121
\Gm@layoutwidth=\dimen122
\Gm@layoutheight=\dimen123
\Gm@layouthoffset=\dimen124
\Gm@layoutvoffset=\dimen125
\Gm@dimlist=\toks15
)

Class beamer Warning: ``serif'' is obsolete. Use font theme ``serif'' instead o
n input line 336.

(/usr/share/texlive/texmf-dist/tex/latex/base/size11.clo
File: size11.clo 2018/09/03 v1.4i Standard LaTeX file (size option)
)
(/usr/share/texlive/texmf-dist/tex/latex/pgf/basiclayer/pgfcore.sty
(/usr/share/texlive/texmf-dist/tex/latex/graphics/graphicx.sty
Package: graphicx 2017/06/01 v1.1a Enhanced LaTeX Graphics (DPC,SPQR)

(/usr/share/texlive/texmf-dist/tex/latex/graphics/graphics.sty
Package: graphics 2017/06/25 v1.2c Standard LaTeX Graphics (DPC,SPQR)

(/usr/share/texlive/texmf-dist/tex/latex/graphics/trig.sty
Package: trig 2016/01/03 v1.10 sin cos tan (DPC)
)
(/usr/share/texlive/texmf-dist/tex/latex/graphics-cfg/graphics.cfg
File: graphics.cfg 2016/06/04 v1.11 sample graphics configuration
)
Package graphics Info: Driver file: pdftex.def on input line 99.

(/usr/share/texlive/texmf-dist/tex/latex/graphics-def/pdftex.def
File: pdftex.def 2018/01/08 v1.0l Graphics/color driver for pdftex
))
\Gin@req@height=\dimen126
\Gin@req@width=\dimen127
)
(/usr/share/texlive/texmf-dist/tex/latex/pgf/systemlayer/pgfsys.sty
(/usr/share/texlive/texmf-dist/tex/latex/pgf/utilities/pgfrcs.sty
(/usr/share/texlive/texmf-dist/tex/generic/pgf/utilities/pgfutil-common.tex
\pgfutil@everybye=\toks16
\pgfutil@tempdima=\dimen128
\pgfutil@tempdimb=\dimen129

(/usr/share/texlive/texmf-dist/tex/generic/pgf/utilities/pgfutil-common-lists.t
ex)) (/usr/share/texlive/texmf-dist/tex/generic/pgf/utilities/pgfutil-latex.def
\pgfutil@abb=\box35
(/usr/share/texlive/texmf-dist/tex/latex/ms/everyshi.sty
Package: everyshi 2001/05/15 v3.00 EveryShipout Package (MS)
))
(/usr/share/texlive/texmf-dist/tex/generic/pgf/utilities/pgfrcs.code.tex
(/usr/share/texlive/texmf-dist/tex/generic/pgf/pgf.revision.tex)
Package: pgfrcs 2019/02/02 v3.1.1 (3.1.1)
))
(/usr/share/texlive/texmf-dist/tex/generic/pgf/systemlayer/pgfsys.code.tex
Package: pgfsys 2019/02/02 v3.1.1 (3.1.1)

(/usr/share/texlive/texmf-dist/tex/generic/pgf/utilities/pgfkeys.code.tex
\pgfkeys@pathtoks=\toks17
\pgfkeys@temptoks=\toks18

(/usr/share/texlive/texmf-dist/tex/generic/pgf/utilities/pgfkeysfiltered.code.t
ex
\pgfkeys@tmptoks=\toks19
))
\pgf@x=\dimen130
\pgf@y=\dimen131
\pgf@xa=\dimen132
\pgf@ya=\dimen133
\pgf@xb=\dimen134
\pgf@yb=\dimen135
\pgf@xc=\dimen136
\pgf@yc=\dimen137
\w@pgf@writea=\write3
\r@pgf@reada=\read1
\c@pgf@counta=\count108
\c@pgf@countb=\count109
\c@pgf@countc=\count110
\c@pgf@countd=\count111
\t@pgf@toka=\toks20
\t@pgf@tokb=\toks21
\t@pgf@tokc=\toks22
\pgf@sys@id@count=\count112
 (/usr/share/texlive/texmf-dist/tex/generic/pgf/systemlayer/pgf.cfg
File: pgf.cfg 2019/02/02 v3.1.1 (3.1.1)
)
Driver file for pgf: pgfsys-pdftex.def

(/usr/share/texlive/texmf-dist/tex/generic/pgf/systemlayer/pgfsys-pdftex.def
File: pgfsys-pdftex.def 2019/02/02 v3.1.1 (3.1.1)

(/usr/share/texlive/texmf-dist/tex/generic/pgf/systemlayer/pgfsys-common-pdf.de
f
File: pgfsys-common-pdf.def 2019/02/02 v3.1.1 (3.1.1)
)))
(/usr/share/texlive/texmf-dist/tex/generic/pgf/systemlayer/pgfsyssoftpath.code.
tex
File: pgfsyssoftpath.code.tex 2019/02/02 v3.1.1 (3.1.1)
\pgfsyssoftpath@smallbuffer@items=\count113
\pgfsyssoftpath@bigbuffer@items=\count114
)
(/usr/share/texlive/texmf-dist/tex/generic/pgf/systemlayer/pgfsysprotocol.code.
tex
File: pgfsysprotocol.code.tex 2019/02/02 v3.1.1 (3.1.1)
)) (/usr/share/texlive/texmf-dist/tex/latex/xcolor/xcolor.sty
Package: xcolor 2016/05/11 v2.12 LaTeX color extensions (UK)

(/usr/share/texlive/texmf-dist/tex/latex/graphics-cfg/color.cfg
File: color.cfg 2016/01/02 v1.6 sample color configuration
)
Package xcolor Info: Driver file: pdftex.def on input line 225.
Package xcolor Info: Model `cmy' substituted by `cmy0' on input line 1348.
Package xcolor Info: Model `hsb' substituted by `rgb' on input line 1352.
Package xcolor Info: Model `RGB' extended on input line 1364.
Package xcolor Info: Model `HTML' substituted by `rgb' on input line 1366.
Package xcolor Info: Model `Hsb' substituted by `hsb' on input line 1367.
Package xcolor Info: Model `tHsb' substituted by `hsb' on input line 1368.
Package xcolor Info: Model `HSB' substituted by `hsb' on input line 1369.
Package xcolor Info: Model `Gray' substituted by `gray' on input line 1370.
Package xcolor Info: Model `wave' substituted by `hsb' on input line 1371.
)
(/usr/share/texlive/texmf-dist/tex/generic/pgf/basiclayer/pgfcore.code.tex
Package: pgfcore 2019/02/02 v3.1.1 (3.1.1)

(/usr/share/texlive/texmf-dist/tex/generic/pgf/math/pgfmath.code.tex
(/usr/share/texlive/texmf-dist/tex/generic/pgf/math/pgfmathcalc.code.tex
(/usr/share/texlive/texmf-dist/tex/generic/pgf/math/pgfmathutil.code.tex)
(/usr/share/texlive/texmf-dist/tex/generic/pgf/math/pgfmathparser.code.tex
\pgfmath@dimen=\dimen138
\pgfmath@count=\count115
\pgfmath@box=\box36
\pgfmath@toks=\toks23
\pgfmath@stack@operand=\toks24
\pgfmath@stack@operation=\toks25
)
(/usr/share/texlive/texmf-dist/tex/generic/pgf/math/pgfmathfunctions.code.tex
(/usr/share/texlive/texmf-dist/tex/generic/pgf/math/pgfmathfunctions.basic.code
.tex)
(/usr/share/texlive/texmf-dist/tex/generic/pgf/math/pgfmathfunctions.trigonomet
ric.code.tex)
(/usr/share/texlive/texmf-dist/tex/generic/pgf/math/pgfmathfunctions.random.cod
e.tex)
(/usr/share/texlive/texmf-dist/tex/generic/pgf/math/pgfmathfunctions.comparison
.code.tex)
(/usr/share/texlive/texmf-dist/tex/generic/pgf/math/pgfmathfunctions.base.code.
tex)
(/usr/share/texlive/texmf-dist/tex/generic/pgf/math/pgfmathfunctions.round.code
.tex)
(/usr/share/texlive/texmf-dist/tex/generic/pgf/math/pgfmathfunctions.misc.code.
tex)
(/usr/share/texlive/texmf-dist/tex/generic/pgf/math/pgfmathfunctions.integerari
thmetics.code.tex)))
(/usr/share/texlive/texmf-dist/tex/generic/pgf/math/pgfmathfloat.code.tex
\c@pgfmathroundto@lastzeros=\count116
))
(/usr/share/texlive/texmf-dist/tex/generic/pgf/basiclayer/pgfcorepoints.code.te
x
File: pgfcorepoints.code.tex 2019/02/02 v3.1.1 (3.1.1)
\pgf@picminx=\dimen139
\pgf@picmaxx=\dimen140
\pgf@picminy=\dimen141
\pgf@picmaxy=\dimen142
\pgf@pathminx=\dimen143
\pgf@pathmaxx=\dimen144
\pgf@pathminy=\dimen145
\pgf@pathmaxy=\dimen146
\pgf@xx=\dimen147
\pgf@xy=\dimen148
\pgf@yx=\dimen149
\pgf@yy=\dimen150
\pgf@zx=\dimen151
\pgf@zy=\dimen152
)
(/usr/share/texlive/texmf-dist/tex/generic/pgf/basiclayer/pgfcorepathconstruct.
code.tex
File: pgfcorepathconstruct.code.tex 2019/02/02 v3.1.1 (3.1.1)
\pgf@path@lastx=\dimen153
\pgf@path@lasty=\dimen154
)
(/usr/share/texlive/texmf-dist/tex/generic/pgf/basiclayer/pgfcorepathusage.code
.tex
File: pgfcorepathusage.code.tex 2019/02/02 v3.1.1 (3.1.1)
\pgf@shorten@end@additional=\dimen155
\pgf@shorten@start@additional=\dimen156
)
(/usr/share/texlive/texmf-dist/tex/generic/pgf/basiclayer/pgfcorescopes.code.te
x
File: pgfcorescopes.code.tex 2019/02/02 v3.1.1 (3.1.1)
\pgfpic=\box37
\pgf@hbox=\box38
\pgf@layerbox@main=\box39
\pgf@picture@serial@count=\count117
)
(/usr/share/texlive/texmf-dist/tex/generic/pgf/basiclayer/pgfcoregraphicstate.c
ode.tex
File: pgfcoregraphicstate.code.tex 2019/02/02 v3.1.1 (3.1.1)
\pgflinewidth=\dimen157
)
(/usr/share/texlive/texmf-dist/tex/generic/pgf/basiclayer/pgfcoretransformation
s.code.tex
File: pgfcoretransformations.code.tex 2019/02/02 v3.1.1 (3.1.1)
\pgf@pt@x=\dimen158
\pgf@pt@y=\dimen159
\pgf@pt@temp=\dimen160
)
(/usr/share/texlive/texmf-dist/tex/generic/pgf/basiclayer/pgfcorequick.code.tex
File: pgfcorequick.code.tex 2019/02/02 v3.1.1 (3.1.1)
)
(/usr/share/texlive/texmf-dist/tex/generic/pgf/basiclayer/pgfcoreobjects.code.t
ex
File: pgfcoreobjects.code.tex 2019/02/02 v3.1.1 (3.1.1)
)
(/usr/share/texlive/texmf-dist/tex/generic/pgf/basiclayer/pgfcorepathprocessing
.code.tex
File: pgfcorepathprocessing.code.tex 2019/02/02 v3.1.1 (3.1.1)
)
(/usr/share/texlive/texmf-dist/tex/generic/pgf/basiclayer/pgfcorearrows.code.te
x
File: pgfcorearrows.code.tex 2019/02/02 v3.1.1 (3.1.1)
\pgfarrowsep=\dimen161
)
(/usr/share/texlive/texmf-dist/tex/generic/pgf/basiclayer/pgfcoreshade.code.tex
File: pgfcoreshade.code.tex 2019/02/02 v3.1.1 (3.1.1)
\pgf@max=\dimen162
\pgf@sys@shading@range@num=\count118
)
(/usr/share/texlive/texmf-dist/tex/generic/pgf/basiclayer/pgfcoreimage.code.tex
File: pgfcoreimage.code.tex 2019/02/02 v3.1.1 (3.1.1)

(/usr/share/texlive/texmf-dist/tex/generic/pgf/basiclayer/pgfcoreexternal.code.
tex
File: pgfcoreexternal.code.tex 2019/02/02 v3.1.1 (3.1.1)
\pgfexternal@startupbox=\box40
))
(/usr/share/texlive/texmf-dist/tex/generic/pgf/basiclayer/pgfcorelayers.code.te
x
File: pgfcorelayers.code.tex 2019/02/02 v3.1.1 (3.1.1)
)
(/usr/share/texlive/texmf-dist/tex/generic/pgf/basiclayer/pgfcoretransparency.c
ode.tex
File: pgfcoretransparency.code.tex 2019/02/02 v3.1.1 (3.1.1)
)
(/usr/share/texlive/texmf-dist/tex/generic/pgf/basiclayer/pgfcorepatterns.code.
tex
File: pgfcorepatterns.code.tex 2019/02/02 v3.1.1 (3.1.1)
)
(/usr/share/texlive/texmf-dist/tex/generic/pgf/basiclayer/pgfcorerdf.code.tex
File: pgfcorerdf.code.tex 2019/02/02 v3.1.1 (3.1.1)
))) (/usr/share/texlive/texmf-dist/tex/latex/pgf/utilities/xxcolor.sty
Package: xxcolor 2003/10/24 ver 0.1
\XC@nummixins=\count119
\XC@countmixins=\count120
)
(/usr/share/texlive/texmf-dist/tex/generic/oberdiek/atbegshi.sty
Package: atbegshi 2016/06/09 v1.18 At begin shipout hook (HO)

(/usr/share/texlive/texmf-dist/tex/generic/oberdiek/infwarerr.sty
Package: infwarerr 2016/05/16 v1.4 Providing info/warning/error messages (HO)
)
(/usr/share/texlive/texmf-dist/tex/generic/oberdiek/ltxcmds.sty
Package: ltxcmds 2016/05/16 v1.23 LaTeX kernel commands for general use (HO)
))
(/usr/share/texlive/texmf-dist/tex/latex/hyperref/hyperref.sty
Package: hyperref 2018/11/30 v6.88e Hypertext links for LaTeX

(/usr/share/texlive/texmf-dist/tex/generic/oberdiek/hobsub-hyperref.sty
Package: hobsub-hyperref 2016/05/16 v1.14 Bundle oberdiek, subset hyperref (HO)


(/usr/share/texlive/texmf-dist/tex/generic/oberdiek/hobsub-generic.sty
Package: hobsub-generic 2016/05/16 v1.14 Bundle oberdiek, subset generic (HO)
Package: hobsub 2016/05/16 v1.14 Construct package bundles (HO)
Package hobsub Info: Skipping package `infwarerr' (already loaded).
Package hobsub Info: Skipping package `ltxcmds' (already loaded).
Package: ifluatex 2016/05/16 v1.4 Provides the ifluatex switch (HO)
Package ifluatex Info: LuaTeX not detected.
Package hobsub Info: Skipping package `ifvtex' (already loaded).
Package: intcalc 2016/05/16 v1.2 Expandable calculations with integers (HO)
Package hobsub Info: Skipping package `ifpdf' (already loaded).
Package: etexcmds 2016/05/16 v1.6 Avoid name clashes with e-TeX commands (HO)
Package: kvsetkeys 2016/05/16 v1.17 Key value parser (HO)
Package: kvdefinekeys 2016/05/16 v1.4 Define keys (HO)
Package: pdftexcmds 2018/09/10 v0.29 Utility functions of pdfTeX for LuaTeX (HO
)
Package pdftexcmds Info: LuaTeX not detected.
Package pdftexcmds Info: \pdf@primitive is available.
Package pdftexcmds Info: \pdf@ifprimitive is available.
Package pdftexcmds Info: \pdfdraftmode found.
Package: pdfescape 2016/05/16 v1.14 Implements pdfTeX's escape features (HO)
Package: bigintcalc 2016/05/16 v1.4 Expandable calculations on big integers (HO
)
Package: bitset 2016/05/16 v1.2 Handle bit-vector datatype (HO)
Package: uniquecounter 2016/05/16 v1.3 Provide unlimited unique counter (HO)
)
Package hobsub Info: Skipping package `hobsub' (already loaded).
Package: letltxmacro 2016/05/16 v1.5 Let assignment for LaTeX macros (HO)
Package: hopatch 2016/05/16 v1.3 Wrapper for package hooks (HO)
Package: xcolor-patch 2016/05/16 xcolor patch
Package: atveryend 2016/05/16 v1.9 Hooks at the very end of document (HO)
Package hobsub Info: Skipping package `atbegshi' (already loaded).
Package: refcount 2016/05/16 v3.5 Data extraction from label references (HO)
Package: hycolor 2016/05/16 v1.8 Color options for hyperref/bookmark (HO)
)
(/usr/share/texlive/texmf-dist/tex/latex/oberdiek/auxhook.sty
Package: auxhook 2016/05/16 v1.4 Hooks for auxiliary files (HO)
)
(/usr/share/texlive/texmf-dist/tex/latex/oberdiek/kvoptions.sty
Package: kvoptions 2016/05/16 v3.12 Key value format for package options (HO)
)
\@linkdim=\dimen163
\Hy@linkcounter=\count121
\Hy@pagecounter=\count122

(/usr/share/texlive/texmf-dist/tex/latex/hyperref/pd1enc.def
File: pd1enc.def 2018/11/30 v6.88e Hyperref: PDFDocEncoding definition (HO)
Now handling font encoding PD1 ...
... no UTF-8 mapping file for font encoding PD1
)
\Hy@SavedSpaceFactor=\count123

(/usr/share/texlive/texmf-dist/tex/latex/latexconfig/hyperref.cfg
File: hyperref.cfg 2002/06/06 v1.2 hyperref configuration of TeXLive
)
Package hyperref Info: Option `bookmarks' set `true' on input line 4393.
Package hyperref Info: Option `bookmarksopen' set `true' on input line 4393.
Package hyperref Info: Option `implicit' set `false' on input line 4393.
Package hyperref Info: Hyper figures OFF on input line 4519.
Package hyperref Info: Link nesting OFF on input line 4524.
Package hyperref Info: Hyper index ON on input line 4527.
Package hyperref Info: Plain pages OFF on input line 4534.
Package hyperref Info: Backreferencing OFF on input line 4539.
Package hyperref Info: Implicit mode OFF; no redefinition of LaTeX internals.
Package hyperref Info: Bookmarks ON on input line 4772.
\c@Hy@tempcnt=\count124

(/usr/share/texlive/texmf-dist/tex/latex/url/url.sty
\Urlmuskip=\muskip10
Package: url 2013/09/16  ver 3.4  Verb mode for urls, etc.
)
LaTeX Info: Redefining \url on input line 5125.
\XeTeXLinkMargin=\dimen164
\Fld@menulength=\count125
\Field@Width=\dimen165
\Fld@charsize=\dimen166
Package hyperref Info: Hyper figures OFF on input line 6380.
Package hyperref Info: Link nesting OFF on input line 6385.
Package hyperref Info: Hyper index ON on input line 6388.
Package hyperref Info: backreferencing OFF on input line 6395.
Package hyperref Info: Link coloring OFF on input line 6400.
Package hyperref Info: Link coloring with OCG OFF on input line 6405.
Package hyperref Info: PDF/A mode OFF on input line 6410.
LaTeX Info: Redefining \ref on input line 6450.
LaTeX Info: Redefining \pageref on input line 6454.
\Hy@abspage=\count126


Package hyperref Message: Stopped early.

)
Package hyperref Info: Driver (autodetected): hpdftex.
 (/usr/share/texlive/texmf-dist/tex/latex/hyperref/hpdftex.def
File: hpdftex.def 2018/11/30 v6.88e Hyperref driver for pdfTeX
\Fld@listcount=\count127
\c@bookmark@seq@number=\count128

(/usr/share/texlive/texmf-dist/tex/latex/oberdiek/rerunfilecheck.sty
Package: rerunfilecheck 2016/05/16 v1.8 Rerun checks for auxiliary files (HO)
Package uniquecounter Info: New unique counter `rerunfilecheck' on input line 2
82.
))
(/usr/share/texlive/texmf-dist/tex/latex/beamer/beamerbaserequires.sty
(/usr/share/texlive/texmf-dist/tex/latex/beamer/beamerbasecompatibility.sty)
(/usr/share/texlive/texmf-dist/tex/latex/beamer/beamerbasefont.sty
(/usr/share/texlive/texmf-dist/tex/latex/amsfonts/amssymb.sty
Package: amssymb 2013/01/14 v3.01 AMS font symbols

(/usr/share/texlive/texmf-dist/tex/latex/amsfonts/amsfonts.sty
Package: amsfonts 2013/01/14 v3.01 Basic AMSFonts support
\@emptytoks=\toks26
\symAMSa=\mathgroup4
\symAMSb=\mathgroup5
LaTeX Font Info:    Overwriting math alphabet `\mathfrak' in version `bold'
(Font)                  U/euf/m/n --> U/euf/b/n on input line 106.
)))
(/usr/share/texlive/texmf-dist/tex/latex/beamer/beamerbasetranslator.sty
(/usr/share/texlive/texmf-dist/tex/latex/translator/translator.sty
Package: translator 2018/01/04 v1.12 Easy translation of strings in LaTeX
))
(/usr/share/texlive/texmf-dist/tex/latex/beamer/beamerbasemisc.sty)
(/usr/share/texlive/texmf-dist/tex/latex/beamer/beamerbasetwoscreens.sty)
(/usr/share/texlive/texmf-dist/tex/latex/beamer/beamerbaseoverlay.sty
\beamer@argscount=\count129
\beamer@lastskipcover=\skip44
\beamer@trivlistdepth=\count130
)
(/usr/share/texlive/texmf-dist/tex/latex/beamer/beamerbasetitle.sty)
(/usr/share/texlive/texmf-dist/tex/latex/beamer/beamerbasesection.sty
\c@lecture=\count131
\c@part=\count132
\c@section=\count133
\c@subsection=\count134
\c@subsubsection=\count135
)
(/usr/share/texlive/texmf-dist/tex/latex/beamer/beamerbaseframe.sty
\beamer@framebox=\box41
\beamer@frametitlebox=\box42
\beamer@zoombox=\box43
\beamer@zoomcount=\count136
\beamer@zoomframecount=\count137
\beamer@frametextheight=\dimen167
\c@subsectionslide=\count138
\beamer@frametopskip=\skip45
\beamer@framebottomskip=\skip46
\beamer@frametopskipautobreak=\skip47
\beamer@framebottomskipautobreak=\skip48
\beamer@envbody=\toks27
\framewidth=\dimen168
\c@framenumber=\count139
)
(/usr/share/texlive/texmf-dist/tex/latex/beamer/beamerbaseverbatim.sty
\beamer@verbatimfileout=\write4
)
(/usr/share/texlive/texmf-dist/tex/latex/beamer/beamerbaseframesize.sty
\beamer@splitbox=\box44
\beamer@autobreakcount=\count140
\beamer@autobreaklastheight=\dimen169
\beamer@frametitletoks=\toks28
\beamer@framesubtitletoks=\toks29
)
(/usr/share/texlive/texmf-dist/tex/latex/beamer/beamerbaseframecomponents.sty
\beamer@footins=\box45
)
(/usr/share/texlive/texmf-dist/tex/latex/beamer/beamerbasecolor.sty)
(/usr/share/texlive/texmf-dist/tex/latex/beamer/beamerbasenotes.sty
\beamer@frameboxcopy=\box46
)
(/usr/share/texlive/texmf-dist/tex/latex/beamer/beamerbasetoc.sty)
(/usr/share/texlive/texmf-dist/tex/latex/beamer/beamerbasetemplates.sty
\beamer@sbttoks=\toks30

(/usr/share/texlive/texmf-dist/tex/latex/beamer/beamerbaseauxtemplates.sty
(/usr/share/texlive/texmf-dist/tex/latex/beamer/beamerbaseboxes.sty
\bmb@box=\box47
\bmb@colorbox=\box48
\bmb@boxshadow=\box49
\bmb@boxshadowball=\box50
\bmb@boxshadowballlarge=\box51
\bmb@temp=\dimen170
\bmb@dima=\dimen171
\bmb@dimb=\dimen172
\bmb@prevheight=\dimen173
)
\beamer@blockheadheight=\dimen174
))
(/usr/share/texlive/texmf-dist/tex/latex/beamer/beamerbaselocalstructure.sty
(/usr/share/texlive/texmf-dist/tex/latex/tools/enumerate.sty
Package: enumerate 2015/07/23 v3.00 enumerate extensions (DPC)
\@enLab=\toks31
)
\c@figure=\count141
\c@table=\count142
\abovecaptionskip=\skip49
\belowcaptionskip=\skip50
)
(/usr/share/texlive/texmf-dist/tex/latex/beamer/beamerbasenavigation.sty
\beamer@section@min@dim=\dimen175
)
(/usr/share/texlive/texmf-dist/tex/latex/beamer/beamerbasetheorems.sty
(/usr/share/texlive/texmf-dist/tex/latex/amsmath/amsmath.sty
Package: amsmath 2018/12/01 v2.17b AMS math features
\@mathmargin=\skip51

For additional information on amsmath, use the `?' option.
(/usr/share/texlive/texmf-dist/tex/latex/amsmath/amstext.sty
Package: amstext 2000/06/29 v2.01 AMS text

(/usr/share/texlive/texmf-dist/tex/latex/amsmath/amsgen.sty
File: amsgen.sty 1999/11/30 v2.0 generic functions
\@emptytoks=\toks32
\ex@=\dimen176
))
(/usr/share/texlive/texmf-dist/tex/latex/amsmath/amsbsy.sty
Package: amsbsy 1999/11/29 v1.2d Bold Symbols
\pmbraise@=\dimen177
)
(/usr/share/texlive/texmf-dist/tex/latex/amsmath/amsopn.sty
Package: amsopn 2016/03/08 v2.02 operator names
)
\inf@bad=\count143
LaTeX Info: Redefining \frac on input line 223.
\uproot@=\count144
\leftroot@=\count145
LaTeX Info: Redefining \overline on input line 385.
\classnum@=\count146
\DOTSCASE@=\count147
LaTeX Info: Redefining \ldots on input line 482.
LaTeX Info: Redefining \dots on input line 485.
LaTeX Info: Redefining \cdots on input line 606.
\Mathstrutbox@=\box52
\strutbox@=\box53
\big@size=\dimen178
LaTeX Font Info:    Redeclaring font encoding OML on input line 729.
LaTeX Font Info:    Redeclaring font encoding OMS on input line 730.
\macc@depth=\count148
\c@MaxMatrixCols=\count149
\dotsspace@=\muskip11
\c@parentequation=\count150
\dspbrk@lvl=\count151
\tag@help=\toks33
\row@=\count152
\column@=\count153
\maxfields@=\count154
\andhelp@=\toks34
\eqnshift@=\dimen179
\alignsep@=\dimen180
\tagshift@=\dimen181
\tagwidth@=\dimen182
\totwidth@=\dimen183
\lineht@=\dimen184
\@envbody=\toks35
\multlinegap=\skip52
\multlinetaggap=\skip53
\mathdisplay@stack=\toks36
LaTeX Info: Redefining \[ on input line 2844.
LaTeX Info: Redefining \] on input line 2845.
)
(/usr/share/texlive/texmf-dist/tex/latex/amscls/amsthm.sty
Package: amsthm 2017/10/31 v2.20.4
\thm@style=\toks37
\thm@bodyfont=\toks38
\thm@headfont=\toks39
\thm@notefont=\toks40
\thm@headpunct=\toks41
\thm@preskip=\skip54
\thm@postskip=\skip55
\thm@headsep=\skip56
\dth@everypar=\toks42
)
\c@theorem=\count155
)
(/usr/share/texlive/texmf-dist/tex/latex/beamer/beamerbasethemes.sty))
(/usr/share/texlive/texmf-dist/tex/latex/beamer/beamerthemedefault.sty
(/usr/share/texlive/texmf-dist/tex/latex/beamer/beamerfontthemedefault.sty)
(/usr/share/texlive/texmf-dist/tex/latex/beamer/beamercolorthemedefault.sty)
(/usr/share/texlive/texmf-dist/tex/latex/beamer/beamerinnerthemedefault.sty
\beamer@dima=\dimen185
\beamer@dimb=\dimen186
)
(/usr/share/texlive/texmf-dist/tex/latex/beamer/beamerouterthemedefault.sty)))
(./BEAMERoptions.tex
(/usr/share/texlive/texmf-dist/tex/latex/beamer/beamerthemeMadrid.sty
(/usr/share/texlive/texmf-dist/tex/latex/beamer/beamercolorthemewhale.sty)
(/usr/share/texlive/texmf-dist/tex/latex/beamer/beamercolorthemeorchid.sty)
(/usr/share/texlive/texmf-dist/tex/latex/beamer/beamerinnerthemerounded.sty)
(/usr/share/texlive/texmf-dist/tex/latex/beamer/beamerouterthemeinfolines.sty))
(/usr/share/texlive/texmf-dist/tex/latex/beamer/beamercolorthemeseagull.sty)
(/usr/share/texlive/texmf-dist/tex/latex/beamer/beamerfontthemestructurebold.st
y) (./beamerouterthememathASUlogo.sty))
(/usr/share/texlive/texmf-dist/tex/latex/base/inputenc.sty
Package: inputenc 2018/08/11 v1.3c Input encoding file
\inpenc@prehook=\toks43
\inpenc@posthook=\toks44
)
(/usr/share/texlive/texmf-dist/tex/latex/base/fontenc.sty
Package: fontenc 2018/08/11 v2.0j Standard LaTeX package

(/usr/share/texlive/texmf-dist/tex/latex/base/t1enc.def
File: t1enc.def 2018/08/11 v2.0j Standard LaTeX file
LaTeX Font Info:    Redeclaring font encoding T1 on input line 48.
))
(/usr/share/texlive/texmf-dist/tex/latex/psnfss/mathpazo.sty
Package: mathpazo 2005/04/12 PSNFSS-v9.2a Palatino w/ Pazo Math (D.Puga, WaS) 
\symupright=\mathgroup6
)
(/usr/share/texlive/texmf-dist/tex/generic/babel/babel.sty
Package: babel 2018/11/13 3.27 The Babel package

(/usr/share/texlive/texmf-dist/tex/generic/babel/switch.def
File: switch.def 2018/11/13 3.27 Babel switching mechanism
)
(/usr/share/texlive/texmf-dist/tex/generic/babel-spanish/spanish.ldf
Language: spanish.ldf 2016/03/03 v5.0p Spanish support from the babel system

(/usr/share/texlive/texmf-dist/tex/generic/babel/babel.def
File: babel.def 2018/11/13 3.27 Babel common definitions
\babel@savecnt=\count156
\U@D=\dimen187

(/usr/share/texlive/texmf-dist/tex/generic/babel/txtbabel.def)
LaTeX Info: Redefining \textlatin on input line 2003.
\bbl@dirlevel=\count157
)
\es@quottoks=\toks45
\es@quotdepth=\count158
Package babel Info: Making " an active character on input line 561.
Package babel Info: Making . an active character on input line 662.
Package babel Info: Making < an active character on input line 707.
Package babel Info: Making > an active character on input line 707.
))
(/usr/share/texlive/texmf-dist/tex/latex/physics/physics.sty
Package: physics 

(/usr/share/texlive/texmf-dist/tex/latex/l3packages/xparse/xparse.sty
(/usr/share/texlive/texmf-dist/tex/latex/l3kernel/expl3.sty
Package: expl3 2019-02-15 L3 programming layer (loader) 

(/usr/share/texlive/texmf-dist/tex/latex/l3kernel/expl3-code.tex
Package: expl3 2019-02-15 L3 programming layer (code)
\c_max_int=\count159
\l_tmpa_int=\count160
\l_tmpb_int=\count161
\g_tmpa_int=\count162
\g_tmpb_int=\count163
\g__kernel_prg_map_int=\count164
\c_log_iow=\count165
\l_iow_line_count_int=\count166
\l__iow_line_target_int=\count167
\l__iow_one_indent_int=\count168
\l__iow_indent_int=\count169
\c_zero_dim=\dimen188
\c_max_dim=\dimen189
\l_tmpa_dim=\dimen190
\l_tmpb_dim=\dimen191
\g_tmpa_dim=\dimen192
\g_tmpb_dim=\dimen193
\c_zero_skip=\skip57
\c_max_skip=\skip58
\l_tmpa_skip=\skip59
\l_tmpb_skip=\skip60
\g_tmpa_skip=\skip61
\g_tmpb_skip=\skip62
\c_zero_muskip=\muskip12
\c_max_muskip=\muskip13
\l_tmpa_muskip=\muskip14
\l_tmpb_muskip=\muskip15
\g_tmpa_muskip=\muskip16
\g_tmpb_muskip=\muskip17
\l_keys_choice_int=\count170
\l__intarray_loop_int=\count171
\c__intarray_sp_dim=\dimen194
\g__intarray_font_int=\count172
\c__fp_leading_shift_int=\count173
\c__fp_middle_shift_int=\count174
\c__fp_trailing_shift_int=\count175
\c__fp_big_leading_shift_int=\count176
\c__fp_big_middle_shift_int=\count177
\c__fp_big_trailing_shift_int=\count178
\c__fp_Bigg_leading_shift_int=\count179
\c__fp_Bigg_middle_shift_int=\count180
\c__fp_Bigg_trailing_shift_int=\count181
\c__kernel_randint_max_int=\count182
\g__fp_array_int=\count183
\l__fp_array_loop_int=\count184
\l__sort_length_int=\count185
\l__sort_min_int=\count186
\l__sort_top_int=\count187
\l__sort_max_int=\count188
\l__sort_true_max_int=\count189
\l__sort_block_int=\count190
\l__sort_begin_int=\count191
\l__sort_end_int=\count192
\l__sort_A_int=\count193
\l__sort_B_int=\count194
\l__sort_C_int=\count195
\l__tl_analysis_normal_int=\count196
\l__tl_analysis_index_int=\count197
\l__tl_analysis_nesting_int=\count198
\l__tl_analysis_type_int=\count199
\l__regex_internal_a_int=\count266
\l__regex_internal_b_int=\count267
\l__regex_internal_c_int=\count268
\l__regex_balance_int=\count269
\l__regex_group_level_int=\count270
\l__regex_mode_int=\count271
\c__regex_cs_in_class_mode_int=\count272
\c__regex_cs_mode_int=\count273
\l__regex_catcodes_int=\count274
\l__regex_default_catcodes_int=\count275
\c__regex_catcode_D_int=\count276
\c__regex_catcode_S_int=\count277
\c__regex_catcode_L_int=\count278
\c__regex_catcode_O_int=\count279
\c__regex_catcode_A_int=\count280
\c__regex_all_catcodes_int=\count281
\l__regex_show_lines_int=\count282
\l__regex_min_state_int=\count283
\l__regex_max_state_int=\count284
\l__regex_left_state_int=\count285
\l__regex_right_state_int=\count286
\l__regex_capturing_group_int=\count287
\l__regex_min_pos_int=\count288
\l__regex_max_pos_int=\count289
\l__regex_curr_pos_int=\count290
\l__regex_start_pos_int=\count291
\l__regex_success_pos_int=\count292
\l__regex_curr_char_int=\count293
\l__regex_curr_catcode_int=\count294
\l__regex_last_char_int=\count295
\l__regex_case_changed_char_int=\count296
\l__regex_curr_state_int=\count297
\l__regex_step_int=\count298
\l__regex_min_active_int=\count299
\l__regex_max_active_int=\count300
\l__regex_replacement_csnames_int=\count301
\l__regex_match_count_int=\count302
\l__regex_min_submatch_int=\count303
\l__regex_submatch_int=\count304
\l__regex_zeroth_submatch_int=\count305
\g__regex_trace_regex_int=\count306
\c_empty_box=\box54
\l_tmpa_box=\box55
\l_tmpb_box=\box56
\g_tmpa_box=\box57
\g_tmpb_box=\box58
\l__box_top_dim=\dimen195
\l__box_bottom_dim=\dimen196
\l__box_left_dim=\dimen197
\l__box_right_dim=\dimen198
\l__box_top_new_dim=\dimen199
\l__box_bottom_new_dim=\dimen256
\l__box_left_new_dim=\dimen257
\l__box_right_new_dim=\dimen258
\l__box_internal_box=\box59
\l__coffin_internal_box=\box60
\l__coffin_internal_dim=\dimen259
\l__coffin_offset_x_dim=\dimen260
\l__coffin_offset_y_dim=\dimen261
\l__coffin_x_dim=\dimen262
\l__coffin_y_dim=\dimen263
\l__coffin_x_prime_dim=\dimen264
\l__coffin_y_prime_dim=\dimen265
\c_empty_coffin=\box61
\l__coffin_aligned_coffin=\box62
\l__coffin_aligned_internal_coffin=\box63
\l_tmpa_coffin=\box64
\l_tmpb_coffin=\box65
\g_tmpa_coffin=\box66
\g_tmpb_coffin=\box67
\c__coffin_empty_coffin=\box68
\l__coffin_display_coffin=\box69
\l__coffin_display_coord_coffin=\box70
\l__coffin_display_pole_coffin=\box71
\l__coffin_display_offset_dim=\dimen266
\l__coffin_display_x_dim=\dimen267
\l__coffin_display_y_dim=\dimen268
\g__file_internal_ior=\read2
\l__coffin_bounding_shift_dim=\dimen269
\l__coffin_left_corner_dim=\dimen270
\l__coffin_right_corner_dim=\dimen271
\l__coffin_bottom_corner_dim=\dimen272
\l__coffin_top_corner_dim=\dimen273
\l__coffin_scaled_total_height_dim=\dimen274
\l__coffin_scaled_width_dim=\dimen275
\l__seq_internal_a_int=\count307
\l__seq_internal_b_int=\count308
)
(/usr/share/texlive/texmf-dist/tex/latex/l3kernel/l3pdfmode.def
File: l3pdfmode.def 2019-02-15 v L3 Experimental driver: PDF mode
\l__driver_color_stack_int=\count309
))
Package: xparse 2018-10-17 L3 Experimental document command parser
\l__xparse_current_arg_int=\count310
\g__xparse_grabber_int=\count311
\l__xparse_m_args_int=\count312
\l__xparse_mandatory_args_int=\count313
\l__xparse_v_nesting_int=\count314
))
(/usr/share/texlive/texmf-dist/tex/latex/cancel/cancel.sty
Package: cancel 2013/04/12 v2.2 Cancel math terms
)
(./presentacionNewtoniana.aux
LaTeX Info: Redefining \. on input line 23.
LaTeX Info: Redefining \% on input line 23.
)
\openout1 = `presentacionNewtoniana.aux'.

LaTeX Font Info:    Checking defaults for OML/cmm/m/it on input line 41.
LaTeX Font Info:    ... okay on input line 41.
LaTeX Font Info:    Checking defaults for T1/cmr/m/n on input line 41.
LaTeX Font Info:    ... okay on input line 41.
LaTeX Font Info:    Checking defaults for OT1/cmr/m/n on input line 41.
LaTeX Font Info:    ... okay on input line 41.
LaTeX Font Info:    Checking defaults for OMS/cmsy/m/n on input line 41.
LaTeX Font Info:    ... okay on input line 41.
LaTeX Font Info:    Checking defaults for OMX/cmex/m/n on input line 41.
LaTeX Font Info:    ... okay on input line 41.
LaTeX Font Info:    Checking defaults for U/cmr/m/n on input line 41.
LaTeX Font Info:    ... okay on input line 41.
LaTeX Font Info:    Checking defaults for PD1/pdf/m/n on input line 41.
LaTeX Font Info:    ... okay on input line 41.
LaTeX Font Info:    Try loading font information for T1+ppl on input line 41.

(/usr/share/texlive/texmf-dist/tex/latex/psnfss/t1ppl.fd
File: t1ppl.fd 2001/06/04 font definitions for T1/ppl.
)
*geometry* driver: auto-detecting
*geometry* detected driver: pdftex
*geometry* verbose mode - [ preamble ] result:
* driver: pdftex
* paper: custom
* layout: <same size as paper>
* layoutoffset:(h,v)=(0.0pt,0.0pt)
* modes: includehead includefoot 
* h-part:(L,W,R)=(10.95003pt, 342.2953pt, 10.95003pt)
* v-part:(T,H,B)=(0.0pt, 273.14662pt, 0.0pt)
* \paperwidth=364.19536pt
* \paperheight=273.14662pt
* \textwidth=342.2953pt
* \textheight=244.6939pt
* \oddsidemargin=-61.31996pt
* \evensidemargin=-61.31996pt
* \topmargin=-72.26999pt
* \headheight=14.22636pt
* \headsep=0.0pt
* \topskip=11.0pt
* \footskip=14.22636pt
* \marginparwidth=4.0pt
* \marginparsep=10.0pt
* \columnsep=10.0pt
* \skip\footins=10.0pt plus 4.0pt minus 2.0pt
* \hoffset=0.0pt
* \voffset=0.0pt
* \mag=1000
* \@twocolumnfalse
* \@twosidefalse
* \@mparswitchfalse
* \@reversemarginfalse
* (1in=72.27pt=25.4mm, 1cm=28.453pt)

(/usr/share/texlive/texmf-dist/tex/context/base/mkii/supp-pdf.mkii
[Loading MPS to PDF converter (version 2006.09.02).]
\scratchcounter=\count315
\scratchdimen=\dimen276
\scratchbox=\box72
\nofMPsegments=\count316
\nofMParguments=\count317
\everyMPshowfont=\toks46
\MPscratchCnt=\count318
\MPscratchDim=\dimen277
\MPnumerator=\count319
\makeMPintoPDFobject=\count320
\everyMPtoPDFconversion=\toks47
) (/usr/share/texlive/texmf-dist/tex/latex/oberdiek/epstopdf-base.sty
Package: epstopdf-base 2016/05/15 v2.6 Base part for package epstopdf

(/usr/share/texlive/texmf-dist/tex/latex/oberdiek/grfext.sty
Package: grfext 2016/05/16 v1.2 Manage graphics extensions (HO)
)
Package epstopdf-base Info: Redefining graphics rule for `.eps' on input line 4
38.
Package grfext Info: Graphics extension search list:
(grfext)             [.pdf,.png,.jpg,.mps,.jpeg,.jbig2,.jb2,.PDF,.PNG,.JPG,.JPE
G,.JBIG2,.JB2,.eps]
(grfext)             \AppendGraphicsExtensions on input line 456.

(/usr/share/texlive/texmf-dist/tex/latex/latexconfig/epstopdf-sys.cfg
File: epstopdf-sys.cfg 2010/07/13 v1.3 Configuration of (r)epstopdf for TeX Liv
e
))
ABD: EveryShipout initializing macros
\AtBeginShipoutBox=\box73
Package hyperref Info: Link coloring OFF on input line 41.

(/usr/share/texlive/texmf-dist/tex/latex/hyperref/nameref.sty
Package: nameref 2016/05/21 v2.44 Cross-referencing by name of section

(/usr/share/texlive/texmf-dist/tex/generic/oberdiek/gettitlestring.sty
Package: gettitlestring 2016/05/16 v1.5 Cleanup title references (HO)
)
\c@section@level=\count321
)
LaTeX Info: Redefining \ref on input line 41.
LaTeX Info: Redefining \pageref on input line 41.
LaTeX Info: Redefining \nameref on input line 41.

(./presentacionNewtoniana.out) (./presentacionNewtoniana.out)
\@outlinefile=\write5
\openout5 = `presentacionNewtoniana.out'.

\symnumbers=\mathgroup7
\sympureletters=\mathgroup8
LaTeX Font Info:    Overwriting math alphabet `\mathrm' in version `normal'
(Font)                  OT1/ppl/m/n --> T1/ppl/m/n on input line 41.
LaTeX Font Info:    Redeclaring math alphabet \mathbf on input line 41.
LaTeX Font Info:    Overwriting math alphabet `\mathbf' in version `normal'
(Font)                  OT1/zplm/b/n --> T1/ppl/bx/n on input line 41.
LaTeX Font Info:    Overwriting math alphabet `\mathbf' in version `bold'
(Font)                  OT1/zplm/b/n --> T1/ppl/bx/n on input line 41.
LaTeX Font Info:    Redeclaring math alphabet \mathsf on input line 41.
LaTeX Font Info:    Overwriting math alphabet `\mathsf' in version `normal'
(Font)                  OT1/cmss/m/n --> T1/cmss/m/n on input line 41.
LaTeX Font Info:    Overwriting math alphabet `\mathsf' in version `bold'
(Font)                  OT1/cmss/bx/n --> T1/cmss/m/n on input line 41.
LaTeX Font Info:    Redeclaring math alphabet \mathit on input line 41.
LaTeX Font Info:    Overwriting math alphabet `\mathit' in version `normal'
(Font)                  OT1/ppl/m/it --> T1/ppl/m/it on input line 41.
LaTeX Font Info:    Overwriting math alphabet `\mathit' in version `bold'
(Font)                  OT1/ppl/b/it --> T1/ppl/m/it on input line 41.
LaTeX Font Info:    Redeclaring math alphabet \mathtt on input line 41.
LaTeX Font Info:    Overwriting math alphabet `\mathtt' in version `normal'
(Font)                  OT1/cmtt/m/n --> T1/cmtt/m/n on input line 41.
LaTeX Font Info:    Overwriting math alphabet `\mathtt' in version `bold'
(Font)                  OT1/cmtt/m/n --> T1/cmtt/m/n on input line 41.
LaTeX Font Info:    Overwriting symbol font `numbers' in version `bold'
(Font)                  T1/ppl/m/n --> T1/ppl/bx/n on input line 41.
LaTeX Font Info:    Overwriting symbol font `pureletters' in version `bold'
(Font)                  T1/ppl/m/it --> T1/ppl/bx/it on input line 41.
LaTeX Font Info:    Overwriting math alphabet `\mathrm' in version `bold'
(Font)                  OT1/ppl/b/n --> T1/ppl/bx/n on input line 41.
LaTeX Font Info:    Overwriting math alphabet `\mathbf' in version `bold'
(Font)                  T1/ppl/bx/n --> T1/ppl/bx/n on input line 41.
LaTeX Font Info:    Overwriting math alphabet `\mathsf' in version `bold'
(Font)                  T1/cmss/m/n --> T1/cmss/bx/n on input line 41.
LaTeX Font Info:    Overwriting math alphabet `\mathit' in version `bold'
(Font)                  T1/ppl/m/it --> T1/ppl/bx/it on input line 41.
LaTeX Font Info:    Overwriting math alphabet `\mathtt' in version `bold'
(Font)                  T1/cmtt/m/n --> T1/cmtt/bx/n on input line 41.

(/usr/share/texlive/texmf-dist/tex/latex/translator/translator-basic-dictionary
-English.dict
Dictionary: translator-basic-dictionary, Language: English 
)
(/usr/share/texlive/texmf-dist/tex/latex/translator/translator-bibliography-dic
tionary-English.dict
Dictionary: translator-bibliography-dictionary, Language: English 
)
(/usr/share/texlive/texmf-dist/tex/latex/translator/translator-environment-dict
ionary-English.dict
Dictionary: translator-environment-dictionary, Language: English 
)
(/usr/share/texlive/texmf-dist/tex/latex/translator/translator-months-dictionar
y-English.dict
Dictionary: translator-months-dictionary, Language: English 
)
(/usr/share/texlive/texmf-dist/tex/latex/translator/translator-numbers-dictiona
ry-English.dict
Dictionary: translator-numbers-dictionary, Language: English 
)
(/usr/share/texlive/texmf-dist/tex/latex/translator/translator-theorem-dictiona
ry-English.dict
Dictionary: translator-theorem-dictionary, Language: English 
)
LaTeX Info: Redefining \. on input line 41.
LaTeX Info: Redefining \% on input line 41.
 (./presentacionNewtoniana.nav)
LaTeX Font Info:    Font shape `T1/ppl/bx/n' in size <6> not available
(Font)              Font shape `T1/ppl/b/n' tried instead on input line 41.
<unlam.pdf, id=24, 51.1296pt x 51.15805pt>
File: unlam.pdf Graphic file (type pdf)
<use unlam.pdf>
Package pdftex.def Info: unlam.pdf  used on input line 41.
(pdftex.def)             Requested size: 7.10893pt x 7.11317pt.
<diit.pdf, id=25, 82.513pt x 58.75496pt>
File: diit.pdf Graphic file (type pdf)
<use diit.pdf>
Package pdftex.def Info: diit.pdf  used on input line 41.
(pdftex.def)             Requested size: 9.98926pt x 7.11317pt.

Overfull \hbox (1.49998pt too wide) in paragraph at lines 41--41
[][]  
 []

LaTeX Font Info:    Font shape `T1/ppl/bx/n' in size <10.95> not available
(Font)              Font shape `T1/ppl/b/n' tried instead on input line 48.
LaTeX Font Info:    Font shape `T1/ppl/bx/n' in size <14.4> not available
(Font)              Font shape `T1/ppl/b/n' tried instead on input line 48.
LaTeX Font Info:    Font shape `T1/ppl/bx/n' in size <24.88> not available
(Font)              Font shape `T1/ppl/b/n' tried instead on input line 48.
File: unlam.pdf Graphic file (type pdf)
<use unlam.pdf>
Package pdftex.def Info: unlam.pdf  used on input line 48.
(pdftex.def)             Requested size: 54.0317pt x 54.06006pt.
File: diit.pdf Graphic file (type pdf)
<use diit.pdf>
Package pdftex.def Info: diit.pdf  used on input line 48.
(pdftex.def)             Requested size: 75.92043pt x 54.06006pt.
[1

{/var/lib/texmf/fonts/map/pdftex/updmap/pdftex.map} <./unlam.pdf> <./diit.pdf

pdfTeX warning: pdflatex (file ./diit.pdf): PDF inclusion: multiple pdfs with p
age group included in a single page
>]
LaTeX Font Info:    Try loading font information for OT1+ppl on input line 82.
 (/usr/share/texlive/texmf-dist/tex/latex/psnfss/ot1ppl.fd
File: ot1ppl.fd 2001/06/04 font definitions for OT1/ppl.
)
LaTeX Font Info:    Try loading font information for OML+zplm on input line 82.


(/usr/share/texlive/texmf-dist/tex/latex/psnfss/omlzplm.fd
File: omlzplm.fd 2002/09/08 Fontinst v1.914 font definitions for OML/zplm.
)
LaTeX Font Info:    Try loading font information for OMS+zplm on input line 82.


(/usr/share/texlive/texmf-dist/tex/latex/psnfss/omszplm.fd
File: omszplm.fd 2002/09/08 Fontinst v1.914 font definitions for OMS/zplm.
)
LaTeX Font Info:    Try loading font information for OMX+zplm on input line 82.


(/usr/share/texlive/texmf-dist/tex/latex/psnfss/omxzplm.fd
File: omxzplm.fd 2002/09/08 Fontinst v1.914 font definitions for OMX/zplm.
)
LaTeX Font Info:    Font shape `U/msa/m/n' will be
(Font)              scaled to size 11.40997pt on input line 82.
LaTeX Font Info:    Font shape `U/msa/m/n' will be
(Font)              scaled to size 8.33606pt on input line 82.
LaTeX Font Info:    Font shape `U/msa/m/n' will be
(Font)              scaled to size 6.25204pt on input line 82.
LaTeX Font Info:    Font shape `U/msb/m/n' will be
(Font)              scaled to size 11.40997pt on input line 82.
LaTeX Font Info:    Font shape `U/msb/m/n' will be
(Font)              scaled to size 8.33606pt on input line 82.
LaTeX Font Info:    Font shape `U/msb/m/n' will be
(Font)              scaled to size 6.25204pt on input line 82.
LaTeX Font Info:    Try loading font information for OT1+zplm on input line 82.


(/usr/share/texlive/texmf-dist/tex/latex/psnfss/ot1zplm.fd
File: ot1zplm.fd 2002/09/08 Fontinst v1.914 font definitions for OT1/zplm.
)
LaTeX Font Info:    Font shape `T1/ppl/bx/n' in size <10> not available
(Font)              Font shape `T1/ppl/b/n' tried instead on input line 82.
LaTeX Font Info:    Font shape `U/msa/m/n' will be
(Font)              scaled to size 10.42007pt on input line 82.
LaTeX Font Info:    Font shape `U/msa/m/n' will be
(Font)              scaled to size 7.91925pt on input line 82.
LaTeX Font Info:    Font shape `U/msb/m/n' will be
(Font)              scaled to size 10.42007pt on input line 82.
LaTeX Font Info:    Font shape `U/msb/m/n' will be
(Font)              scaled to size 7.91925pt on input line 82.
LaTeX Font Info:    Font shape `T1/ppl/bx/n' in size <8> not available
(Font)              Font shape `T1/ppl/b/n' tried instead on input line 82.
LaTeX Font Info:    Font shape `T1/ppl/bx/it' in size <10.95> not available
(Font)              Font shape `T1/ppl/b/it' tried instead on input line 82.
LaTeX Font Info:    Font shape `T1/ppl/bx/it' in size <8> not available
(Font)              Font shape `T1/ppl/b/it' tried instead on input line 82.
LaTeX Font Info:    Font shape `T1/ppl/bx/it' in size <6> not available
(Font)              Font shape `T1/ppl/b/it' tried instead on input line 82.
LaTeX Font Info:    Font shape `T1/ppl/bx/n' in size <4> not available
(Font)              Font shape `T1/ppl/b/n' tried instead on input line 82.
File: unlam.pdf Graphic file (type pdf)
<use unlam.pdf>
Package pdftex.def Info: unlam.pdf  used on input line 82.
(pdftex.def)             Requested size: 7.10893pt x 7.11317pt.
File: diit.pdf Graphic file (type pdf)
<use diit.pdf>
Package pdftex.def Info: diit.pdf  used on input line 82.
(pdftex.def)             Requested size: 9.98926pt x 7.11317pt.

Overfull \hbox (1.49998pt too wide) has occurred while \output is active
[][] 
 []

[2

]
File: unlam.pdf Graphic file (type pdf)
<use unlam.pdf>
Package pdftex.def Info: unlam.pdf  used on input line 82.
(pdftex.def)             Requested size: 7.10893pt x 7.11317pt.
File: diit.pdf Graphic file (type pdf)
<use diit.pdf>
Package pdftex.def Info: diit.pdf  used on input line 82.
(pdftex.def)             Requested size: 9.98926pt x 7.11317pt.

Overfull \hbox (1.49998pt too wide) has occurred while \output is active
[][] 
 []

[3

]
<taylor1_1.png, id=68, 474.27188pt x 388.45125pt>
File: taylor1_1.png Graphic file (type png)
<use taylor1_1.png>
Package pdftex.def Info: taylor1_1.png  used on input line 111.
(pdftex.def)             Requested size: 222.48985pt x 182.22832pt.

Overfull \vbox (0.49953pt too high) detected at line 111
 []

File: unlam.pdf Graphic file (type pdf)
<use unlam.pdf>
Package pdftex.def Info: unlam.pdf  used on input line 111.
(pdftex.def)             Requested size: 7.10893pt x 7.11317pt.
File: diit.pdf Graphic file (type pdf)
<use diit.pdf>
Package pdftex.def Info: diit.pdf  used on input line 111.
(pdftex.def)             Requested size: 9.98926pt x 7.11317pt.

Overfull \hbox (1.49998pt too wide) has occurred while \output is active
[][] 
 []

[4

 <./taylor1_1.png (PNG copy)>]
File: taylor1_1.png Graphic file (type png)
<use taylor1_1.png>
Package pdftex.def Info: taylor1_1.png  used on input line 111.
(pdftex.def)             Requested size: 222.48985pt x 182.22832pt.

Overfull \vbox (0.49953pt too high) detected at line 111
 []

File: unlam.pdf Graphic file (type pdf)
<use unlam.pdf>
Package pdftex.def Info: unlam.pdf  used on input line 111.
(pdftex.def)             Requested size: 7.10893pt x 7.11317pt.
File: diit.pdf Graphic file (type pdf)
<use diit.pdf>
Package pdftex.def Info: diit.pdf  used on input line 111.
(pdftex.def)             Requested size: 9.98926pt x 7.11317pt.

Overfull \hbox (1.49998pt too wide) has occurred while \output is active
[][] 
 []

[5

]
File: unlam.pdf Graphic file (type pdf)
<use unlam.pdf>
Package pdftex.def Info: unlam.pdf  used on input line 151.
(pdftex.def)             Requested size: 7.10893pt x 7.11317pt.
File: diit.pdf Graphic file (type pdf)
<use diit.pdf>
Package pdftex.def Info: diit.pdf  used on input line 151.
(pdftex.def)             Requested size: 9.98926pt x 7.11317pt.

Overfull \hbox (1.49998pt too wide) has occurred while \output is active
[][] 
 []

[6

]
File: unlam.pdf Graphic file (type pdf)
<use unlam.pdf>
Package pdftex.def Info: unlam.pdf  used on input line 151.
(pdftex.def)             Requested size: 7.10893pt x 7.11317pt.
File: diit.pdf Graphic file (type pdf)
<use diit.pdf>
Package pdftex.def Info: diit.pdf  used on input line 151.
(pdftex.def)             Requested size: 9.98926pt x 7.11317pt.

Overfull \hbox (1.49998pt too wide) has occurred while \output is active
[][] 
 []

[7

]
File: unlam.pdf Graphic file (type pdf)
<use unlam.pdf>
Package pdftex.def Info: unlam.pdf  used on input line 151.
(pdftex.def)             Requested size: 7.10893pt x 7.11317pt.
File: diit.pdf Graphic file (type pdf)
<use diit.pdf>
Package pdftex.def Info: diit.pdf  used on input line 151.
(pdftex.def)             Requested size: 9.98926pt x 7.11317pt.

Overfull \hbox (1.49998pt too wide) has occurred while \output is active
[][] 
 []

[8

]
File: unlam.pdf Graphic file (type pdf)
<use unlam.pdf>
Package pdftex.def Info: unlam.pdf  used on input line 151.
(pdftex.def)             Requested size: 7.10893pt x 7.11317pt.
File: diit.pdf Graphic file (type pdf)
<use diit.pdf>
Package pdftex.def Info: diit.pdf  used on input line 151.
(pdftex.def)             Requested size: 9.98926pt x 7.11317pt.

Overfull \hbox (1.49998pt too wide) has occurred while \output is active
[][] 
 []

[9

]
<taylor1_5.png, id=106, 500.62032pt x 271.76532pt>
File: taylor1_5.png Graphic file (type png)
<use taylor1_5.png>
Package pdftex.def Info: taylor1_5.png  used on input line 183.
(pdftex.def)             Requested size: 119.80544pt x 65.03424pt.
File: unlam.pdf Graphic file (type pdf)
<use unlam.pdf>
Package pdftex.def Info: unlam.pdf  used on input line 183.
(pdftex.def)             Requested size: 7.10893pt x 7.11317pt.
File: diit.pdf Graphic file (type pdf)
<use diit.pdf>
Package pdftex.def Info: diit.pdf  used on input line 183.
(pdftex.def)             Requested size: 9.98926pt x 7.11317pt.

Overfull \hbox (1.49998pt too wide) has occurred while \output is active
[][] 
 []

[10

 <./taylor1_5.png (PNG copy)>]
File: taylor1_5.png Graphic file (type png)
<use taylor1_5.png>
Package pdftex.def Info: taylor1_5.png  used on input line 183.
(pdftex.def)             Requested size: 119.80544pt x 65.03424pt.
File: unlam.pdf Graphic file (type pdf)
<use unlam.pdf>
Package pdftex.def Info: unlam.pdf  used on input line 183.
(pdftex.def)             Requested size: 7.10893pt x 7.11317pt.
File: diit.pdf Graphic file (type pdf)
<use diit.pdf>
Package pdftex.def Info: diit.pdf  used on input line 183.
(pdftex.def)             Requested size: 9.98926pt x 7.11317pt.

Overfull \hbox (1.49998pt too wide) has occurred while \output is active
[][] 
 []

[11

]
File: taylor1_5.png Graphic file (type png)
<use taylor1_5.png>
Package pdftex.def Info: taylor1_5.png  used on input line 183.
(pdftex.def)             Requested size: 119.80544pt x 65.03424pt.
File: unlam.pdf Graphic file (type pdf)
<use unlam.pdf>
Package pdftex.def Info: unlam.pdf  used on input line 183.
(pdftex.def)             Requested size: 7.10893pt x 7.11317pt.
File: diit.pdf Graphic file (type pdf)
<use diit.pdf>
Package pdftex.def Info: diit.pdf  used on input line 183.
(pdftex.def)             Requested size: 9.98926pt x 7.11317pt.

Overfull \hbox (1.49998pt too wide) has occurred while \output is active
[][] 
 []

[12

]
File: unlam.pdf Graphic file (type pdf)
<use unlam.pdf>
Package pdftex.def Info: unlam.pdf  used on input line 201.
(pdftex.def)             Requested size: 7.10893pt x 7.11317pt.
File: diit.pdf Graphic file (type pdf)
<use diit.pdf>
Package pdftex.def Info: diit.pdf  used on input line 201.
(pdftex.def)             Requested size: 9.98926pt x 7.11317pt.

Overfull \hbox (1.49998pt too wide) has occurred while \output is active
[][] 
 []

[13

]
File: unlam.pdf Graphic file (type pdf)
<use unlam.pdf>
Package pdftex.def Info: unlam.pdf  used on input line 201.
(pdftex.def)             Requested size: 7.10893pt x 7.11317pt.
File: diit.pdf Graphic file (type pdf)
<use diit.pdf>
Package pdftex.def Info: diit.pdf  used on input line 201.
(pdftex.def)             Requested size: 9.98926pt x 7.11317pt.

Overfull \hbox (1.49998pt too wide) has occurred while \output is active
[][] 
 []

[14

]
File: unlam.pdf Graphic file (type pdf)
<use unlam.pdf>
Package pdftex.def Info: unlam.pdf  used on input line 201.
(pdftex.def)             Requested size: 7.10893pt x 7.11317pt.
File: diit.pdf Graphic file (type pdf)
<use diit.pdf>
Package pdftex.def Info: diit.pdf  used on input line 201.
(pdftex.def)             Requested size: 9.98926pt x 7.11317pt.

Overfull \hbox (1.49998pt too wide) has occurred while \output is active
[][] 
 []

[15

]
File: unlam.pdf Graphic file (type pdf)
<use unlam.pdf>
Package pdftex.def Info: unlam.pdf  used on input line 201.
(pdftex.def)             Requested size: 7.10893pt x 7.11317pt.
File: diit.pdf Graphic file (type pdf)
<use diit.pdf>
Package pdftex.def Info: diit.pdf  used on input line 201.
(pdftex.def)             Requested size: 9.98926pt x 7.11317pt.

Overfull \hbox (1.49998pt too wide) has occurred while \output is active
[][] 
 []

[16

]
<taylor1_9.png, id=151, 727.21687pt x 481.8pt>
File: taylor1_9.png Graphic file (type png)
<use taylor1_9.png>
Package pdftex.def Info: taylor1_9.png  used on input line 245.
(pdftex.def)             Requested size: 119.80544pt x 79.36858pt.

Overfull \hbox (13.00655pt too wide) detected at line 245
[]
 []

File: unlam.pdf Graphic file (type pdf)
<use unlam.pdf>
Package pdftex.def Info: unlam.pdf  used on input line 245.
(pdftex.def)             Requested size: 7.10893pt x 7.11317pt.
File: diit.pdf Graphic file (type pdf)
<use diit.pdf>
Package pdftex.def Info: diit.pdf  used on input line 245.
(pdftex.def)             Requested size: 9.98926pt x 7.11317pt.

Overfull \hbox (1.49998pt too wide) has occurred while \output is active
[][] 
 []

[17

 <./taylor1_9.png (PNG copy)>]
<taylor1_10.png, id=159, 485.56406pt x 279.29344pt>
File: taylor1_10.png Graphic file (type png)
<use taylor1_10.png>
Package pdftex.def Info: taylor1_10.png  used on input line 287.
(pdftex.def)             Requested size: 119.80544pt x 68.91118pt.
<taylor1_11.png, id=160, 844.65562pt x 297.36093pt>
File: taylor1_11.png Graphic file (type png)
<use taylor1_11.png>
Package pdftex.def Info: taylor1_11.png  used on input line 287.
(pdftex.def)             Requested size: 154.03183pt x 54.22594pt.
File: unlam.pdf Graphic file (type pdf)
<use unlam.pdf>
Package pdftex.def Info: unlam.pdf  used on input line 287.
(pdftex.def)             Requested size: 7.10893pt x 7.11317pt.
File: diit.pdf Graphic file (type pdf)
<use diit.pdf>
Package pdftex.def Info: diit.pdf  used on input line 287.
(pdftex.def)             Requested size: 9.98926pt x 7.11317pt.

Overfull \hbox (1.49998pt too wide) has occurred while \output is active
[][] 
 []

[18

 <./taylor1_10.png (PNG copy)> <./taylor1_11.png (PNG copy)>]
File: taylor1_10.png Graphic file (type png)
<use taylor1_10.png>
Package pdftex.def Info: taylor1_10.png  used on input line 287.
(pdftex.def)             Requested size: 119.80544pt x 68.91118pt.
File: taylor1_11.png Graphic file (type png)
<use taylor1_11.png>
Package pdftex.def Info: taylor1_11.png  used on input line 287.
(pdftex.def)             Requested size: 154.03183pt x 54.22594pt.
File: unlam.pdf Graphic file (type pdf)
<use unlam.pdf>
Package pdftex.def Info: unlam.pdf  used on input line 287.
(pdftex.def)             Requested size: 7.10893pt x 7.11317pt.
File: diit.pdf Graphic file (type pdf)
<use diit.pdf>
Package pdftex.def Info: diit.pdf  used on input line 287.
(pdftex.def)             Requested size: 9.98926pt x 7.11317pt.

Overfull \hbox (1.49998pt too wide) has occurred while \output is active
[][] 
 []

[19

]
<taylor1_12.png, id=174, 968.11688pt x 346.29375pt>
File: taylor1_12.png Graphic file (type png)
<use taylor1_12.png>
Package pdftex.def Info: taylor1_12.png  used on input line 320.
(pdftex.def)             Requested size: 188.26346pt x 67.33942pt.
File: unlam.pdf Graphic file (type pdf)
<use unlam.pdf>
Package pdftex.def Info: unlam.pdf  used on input line 320.
(pdftex.def)             Requested size: 7.10893pt x 7.11317pt.
File: diit.pdf Graphic file (type pdf)
<use diit.pdf>
Package pdftex.def Info: diit.pdf  used on input line 320.
(pdftex.def)             Requested size: 9.98926pt x 7.11317pt.

Overfull \hbox (1.49998pt too wide) has occurred while \output is active
[][] 
 []

[20

 <./taylor1_12.png (PNG copy)>]
File: taylor1_12.png Graphic file (type png)
<use taylor1_12.png>
Package pdftex.def Info: taylor1_12.png  used on input line 320.
(pdftex.def)             Requested size: 188.26346pt x 67.33942pt.
File: unlam.pdf Graphic file (type pdf)
<use unlam.pdf>
Package pdftex.def Info: unlam.pdf  used on input line 320.
(pdftex.def)             Requested size: 7.10893pt x 7.11317pt.
File: diit.pdf Graphic file (type pdf)
<use diit.pdf>
Package pdftex.def Info: diit.pdf  used on input line 320.
(pdftex.def)             Requested size: 9.98926pt x 7.11317pt.

Overfull \hbox (1.49998pt too wide) has occurred while \output is active
[][] 
 []

[21

]
File: taylor1_12.png Graphic file (type png)
<use taylor1_12.png>
Package pdftex.def Info: taylor1_12.png  used on input line 320.
(pdftex.def)             Requested size: 188.26346pt x 67.33942pt.
File: unlam.pdf Graphic file (type pdf)
<use unlam.pdf>
Package pdftex.def Info: unlam.pdf  used on input line 320.
(pdftex.def)             Requested size: 7.10893pt x 7.11317pt.
File: diit.pdf Graphic file (type pdf)
<use diit.pdf>
Package pdftex.def Info: diit.pdf  used on input line 320.
(pdftex.def)             Requested size: 9.98926pt x 7.11317pt.

Overfull \hbox (1.49998pt too wide) has occurred while \output is active
[][] 
 []

[22

]
File: taylor1_12.png Graphic file (type png)
<use taylor1_12.png>
Package pdftex.def Info: taylor1_12.png  used on input line 320.
(pdftex.def)             Requested size: 188.26346pt x 67.33942pt.
File: unlam.pdf Graphic file (type pdf)
<use unlam.pdf>
Package pdftex.def Info: unlam.pdf  used on input line 320.
(pdftex.def)             Requested size: 7.10893pt x 7.11317pt.
File: diit.pdf Graphic file (type pdf)
<use diit.pdf>
Package pdftex.def Info: diit.pdf  used on input line 320.
(pdftex.def)             Requested size: 9.98926pt x 7.11317pt.

Overfull \hbox (1.49998pt too wide) has occurred while \output is active
[][] 
 []

[23

]
<taylor1_13.png, id=199, 797.22844pt x 380.17032pt>
File: taylor1_13.png Graphic file (type png)
<use taylor1_13.png>
Package pdftex.def Info: taylor1_13.png  used on input line 344.
(pdftex.def)             Requested size: 188.26346pt x 89.7751pt.
File: unlam.pdf Graphic file (type pdf)
<use unlam.pdf>
Package pdftex.def Info: unlam.pdf  used on input line 344.
(pdftex.def)             Requested size: 7.10893pt x 7.11317pt.
File: diit.pdf Graphic file (type pdf)
<use diit.pdf>
Package pdftex.def Info: diit.pdf  used on input line 344.
(pdftex.def)             Requested size: 9.98926pt x 7.11317pt.

Overfull \hbox (1.49998pt too wide) has occurred while \output is active
[][] 
 []

[24

 <./taylor1_13.png (PNG copy)>]
File: taylor1_13.png Graphic file (type png)
<use taylor1_13.png>
Package pdftex.def Info: taylor1_13.png  used on input line 344.
(pdftex.def)             Requested size: 188.26346pt x 89.7751pt.
File: unlam.pdf Graphic file (type pdf)
<use unlam.pdf>
Package pdftex.def Info: unlam.pdf  used on input line 344.
(pdftex.def)             Requested size: 7.10893pt x 7.11317pt.
File: diit.pdf Graphic file (type pdf)
<use diit.pdf>
Package pdftex.def Info: diit.pdf  used on input line 344.
(pdftex.def)             Requested size: 9.98926pt x 7.11317pt.

Overfull \hbox (1.49998pt too wide) has occurred while \output is active
[][] 
 []

[25

]
File: taylor1_13.png Graphic file (type png)
<use taylor1_13.png>
Package pdftex.def Info: taylor1_13.png  used on input line 344.
(pdftex.def)             Requested size: 188.26346pt x 89.7751pt.
File: unlam.pdf Graphic file (type pdf)
<use unlam.pdf>
Package pdftex.def Info: unlam.pdf  used on input line 344.
(pdftex.def)             Requested size: 7.10893pt x 7.11317pt.
File: diit.pdf Graphic file (type pdf)
<use diit.pdf>
Package pdftex.def Info: diit.pdf  used on input line 344.
(pdftex.def)             Requested size: 9.98926pt x 7.11317pt.

Overfull \hbox (1.49998pt too wide) has occurred while \output is active
[][] 
 []

[26

]
<taylor1_14.png, id=219, 526.96875pt x 331.2375pt>
File: taylor1_14.png Graphic file (type png)
<use taylor1_14.png>
Package pdftex.def Info: taylor1_14.png  used on input line 370.
(pdftex.def)             Requested size: 119.80544pt x 75.30357pt.
File: unlam.pdf Graphic file (type pdf)
<use unlam.pdf>
Package pdftex.def Info: unlam.pdf  used on input line 370.
(pdftex.def)             Requested size: 7.10893pt x 7.11317pt.
File: diit.pdf Graphic file (type pdf)
<use diit.pdf>
Package pdftex.def Info: diit.pdf  used on input line 370.
(pdftex.def)             Requested size: 9.98926pt x 7.11317pt.

Overfull \hbox (1.49998pt too wide) has occurred while \output is active
[][] 
 []

[27

 <./taylor1_14.png (PNG copy)>]
<taylor3_5.png, id=226, 725.71124pt x 380.92313pt>
File: taylor3_5.png Graphic file (type png)
<use taylor3_5.png>
Package pdftex.def Info: taylor3_5.png  used on input line 402.
(pdftex.def)             Requested size: 119.80544pt x 62.88448pt.
File: unlam.pdf Graphic file (type pdf)
<use unlam.pdf>
Package pdftex.def Info: unlam.pdf  used on input line 402.
(pdftex.def)             Requested size: 7.10893pt x 7.11317pt.
File: diit.pdf Graphic file (type pdf)
<use diit.pdf>
Package pdftex.def Info: diit.pdf  used on input line 402.
(pdftex.def)             Requested size: 9.98926pt x 7.11317pt.

Overfull \hbox (1.49998pt too wide) has occurred while \output is active
[][] 
 []

[28

 <./taylor3_5.png (PNG copy)>]
File: taylor3_5.png Graphic file (type png)
<use taylor3_5.png>
Package pdftex.def Info: taylor3_5.png  used on input line 402.
(pdftex.def)             Requested size: 119.80544pt x 62.88448pt.
File: unlam.pdf Graphic file (type pdf)
<use unlam.pdf>
Package pdftex.def Info: unlam.pdf  used on input line 402.
(pdftex.def)             Requested size: 7.10893pt x 7.11317pt.
File: diit.pdf Graphic file (type pdf)
<use diit.pdf>
Package pdftex.def Info: diit.pdf  used on input line 402.
(pdftex.def)             Requested size: 9.98926pt x 7.11317pt.

Overfull \hbox (1.49998pt too wide) has occurred while \output is active
[][] 
 []

[29

]
File: unlam.pdf Graphic file (type pdf)
<use unlam.pdf>
Package pdftex.def Info: unlam.pdf  used on input line 443.
(pdftex.def)             Requested size: 7.10893pt x 7.11317pt.
File: diit.pdf Graphic file (type pdf)
<use diit.pdf>
Package pdftex.def Info: diit.pdf  used on input line 443.
(pdftex.def)             Requested size: 9.98926pt x 7.11317pt.

Overfull \hbox (1.49998pt too wide) has occurred while \output is active
[][] 
 []

[30

]
File: unlam.pdf Graphic file (type pdf)
<use unlam.pdf>
Package pdftex.def Info: unlam.pdf  used on input line 443.
(pdftex.def)             Requested size: 7.10893pt x 7.11317pt.
File: diit.pdf Graphic file (type pdf)
<use diit.pdf>
Package pdftex.def Info: diit.pdf  used on input line 443.
(pdftex.def)             Requested size: 9.98926pt x 7.11317pt.

Overfull \hbox (1.49998pt too wide) has occurred while \output is active
[][] 
 []

[31

]
File: unlam.pdf Graphic file (type pdf)
<use unlam.pdf>
Package pdftex.def Info: unlam.pdf  used on input line 443.
(pdftex.def)             Requested size: 7.10893pt x 7.11317pt.
File: diit.pdf Graphic file (type pdf)
<use diit.pdf>
Package pdftex.def Info: diit.pdf  used on input line 443.
(pdftex.def)             Requested size: 9.98926pt x 7.11317pt.

Overfull \hbox (1.49998pt too wide) has occurred while \output is active
[][] 
 []

[32

]
\tf@nav=\write6
\openout6 = `presentacionNewtoniana.nav'.

\tf@toc=\write7
\openout7 = `presentacionNewtoniana.toc'.

\tf@snm=\write8
\openout8 = `presentacionNewtoniana.snm'.

Package atveryend Info: Empty hook `BeforeClearDocument' on input line 448.
Package atveryend Info: Empty hook `AfterLastShipout' on input line 448.
 (./presentacionNewtoniana.aux
LaTeX Info: Redefining \. on input line 23.
LaTeX Info: Redefining \% on input line 23.
)
Package atveryend Info: Executing hook `AtVeryEndDocument' on input line 448.
Package atveryend Info: Executing hook `AtEndAfterFileList' on input line 448.
Package rerunfilecheck Info: File `presentacionNewtoniana.out' has not changed.

(rerunfilecheck)             Checksum: 38E139DC54EC771CB0F58C33664716CE;102.
 ) 
Here is how much of TeX's memory you used:
 28625 strings out of 494426
 538615 string characters out of 6173935
 611066 words of memory out of 5000000
 31732 multiletter control sequences out of 15000+600000
 580434 words of font info for 125 fonts, out of 8000000 for 9000
 85 hyphenation exceptions out of 8191
 48i,20n,65p,789b,823s stack positions out of 5000i,500n,10000p,200000b,80000s
{/usr/share/texlive/texmf-dist/fonts/enc/dvips/base/8r.enc}</usr/share/texliv
e/texmf-dist/fonts/type1/public/amsfonts/cm/cmbsy10.pfb></usr/share/texlive/tex
mf-dist/fonts/type1/public/amsfonts/cm/cmex10.pfb></usr/share/texlive/texmf-dis
t/fonts/type1/public/amsfonts/cm/cmmi10.pfb></usr/share/texlive/texmf-dist/font
s/type1/public/amsfonts/cm/cmr10.pfb></usr/share/texlive/texmf-dist/fonts/type1
/public/amsfonts/cm/cmsy10.pfb></usr/share/texlive/texmf-dist/fonts/type1/publi
c/mathpazo/fplmr.pfb></usr/share/texlive/texmf-dist/fonts/type1/public/mathpazo
/fplmri.pfb></usr/share/texlive/texmf-dist/fonts/type1/public/amsfonts/latxfont
/line10.pfb></usr/share/texlive/texmf-dist/fonts/type1/urw/palatino/uplb8a.pfb>
</usr/share/texlive/texmf-dist/fonts/type1/urw/palatino/uplr8a.pfb></usr/share/
texlive/texmf-dist/fonts/type1/urw/palatino/uplri8a.pfb>
Output written on presentacionNewtoniana.pdf (32 pages, 443196 bytes).
PDF statistics:
 314 PDF objects out of 1000 (max. 8388607)
 241 compressed objects within 3 object streams
 67 named destinations out of 1000 (max. 500000)
 156 words of extra memory for PDF output out of 10000 (max. 10000000)

